[2023-03-26T12:48:59.881] [WARN] default - Ruta: /infos - Metodo: GET
[2023-03-26T12:49:02.508] [WARN] default - Ruta: /infos - Metodo: GET
[2023-03-26T12:55:08.825] [WARN] default - Ruta: /infos - Metodo: GET
[2023-03-26T12:55:13.844] [WARN] default - Ruta: /infor - Metodo: GET
[2023-03-26T12:57:11.729] [WARN] default - Ruta: /informa - Metodo: GET
[2023-03-26T12:58:00.186] [WARN] default - Ruta: /informa - Metodo: GET
[2023-03-26T12:58:55.184] [WARN] default - Ruta: /info2 - Metodo: GET
[2023-03-26T13:01:14.575] [WARN] default - Ruta: / - Metodo: GET
[2023-03-26T13:01:39.050] [WARN] default - Ruta: / - Metodo: GET
[2023-03-26T13:02:40.972] [WARN] default - Ruta: /info555 - Metodo: GET
[2023-03-26T13:06:33.372] [WARN] default - Ruta: / - Metodo: GET
[2023-03-26T13:07:07.073] [WARN] default - Ruta: /infodd - Metodo: GET
[2023-03-26T13:07:10.193] [WARN] default - Ruta: /inf - Metodo: GET
[2023-03-26T13:08:05.563] [WARN] default - Ruta: /info44 - Metodo: GET
[2023-03-26T13:08:08.713] [WARN] default - Ruta: /info4 - Metodo: GET
[2023-03-26T13:08:14.284] [WARN] default - Ruta: /info3 - Metodo: GET
[2023-03-26T13:10:26.444] [WARN] default - Ruta: /info - Metodo: GET
[2023-03-26T13:11:45.555] [WARN] default - Ruta: /info - Metodo: GET
[2023-03-26T13:11:47.500] [WARN] default - Ruta: /info2 - Metodo: GET
[2023-03-26T13:12:46.327] [WARN] default - Ruta: /info2 - Metodo: GET
[2023-03-26T13:12:48.354] [WARN] default - Ruta: /info23 - Metodo: GET
[2023-03-26T13:18:38.705] [WARN] default - Ruta: /info44444 - Metodo: GET
[2023-03-26T13:27:22.429] [WARN] default - Ruta: /info2 - Metodo: GET
[2023-03-26T13:28:03.490] [WARN] default - Ruta: /info23 - Metodo: GET
